<?xml version="1.0" encoding="UTF-8"?>
<!-- Generated by org.testng.reporters.JUnitReportReporter -->
<testsuite hostname="LPCL-VPG033XXZ" failures="0" tests="1" name="POC.FirstProject.testNGRunner" time="84.370" errors="0" timestamp="2025-04-16T19:15:30 GMT+05:30" skipped="0">
  <testcase classname="POC.FirstProject.testNGRunner" name="logIn" time="84.370"/>
</testsuite> <!-- POC.FirstProject.testNGRunner -->
